<?xml version="1.0" encoding="UTF-8"?>
<!-- Generated by org.testng.reporters.JUnitXMLReporter -->
<testsuite hostname="DESKTOP-BRRH2CJ" ignored="0" name="Smoke Test" tests="3" failures="0" timestamp="21 Apr 2020 04:17:19 GMT" time="84.622" errors="0">
  <testcase name="verifyEndtoEndFlowOfPurchasingtheProduct" time="46.166" classname="com.wip.test.LoginPageTest"/>
  <testcase name="verifySuccessfullLoginFunctionality" time="15.868" classname="com.wip.test.LoginPageTest"/>
  <testcase name="verifyInvalidLoginFunctionality" time="10.754" classname="com.wip.test.LoginPageTest"/>
</testsuite> <!-- Smoke Test -->
