<?xml version="1.0" encoding="UTF-8"?>
<testng-results skipped="0" failed="0" ignored="0" total="3" passed="3">
  <reporter-output>
  </reporter-output>
  <suite name="Automation" duration-ms="84622" started-at="2020-04-21T04:15:54Z" finished-at="2020-04-21T04:17:19Z">
    <groups>
    </groups>
    <test name="Smoke Test" duration-ms="84622" started-at="2020-04-21T04:15:54Z" finished-at="2020-04-21T04:17:19Z">
      <class name="com.wip.test.LoginPageTest">
        <test-method status="PASS" signature="setup(java.lang.String)[pri:0, instance:com.wip.test.LoginPageTest@5b275dab]" name="setup" is-config="true" duration-ms="10526" started-at="2020-04-21T09:45:54Z" finished-at="2020-04-21T09:46:05Z">
          <params>
            <param index="0">
              <value>
                <![CDATA[GC]]>
              </value>
            </param>
          </params>
          <reporter-output>
          </reporter-output>
        </test-method> <!-- setup -->
        <test-method status="PASS" signature="verifyEndtoEndFlowOfPurchasingtheProduct()[pri:0, instance:com.wip.test.LoginPageTest@5b275dab]" name="verifyEndtoEndFlowOfPurchasingtheProduct" duration-ms="46166" started-at="2020-04-21T09:46:05Z" finished-at="2020-04-21T09:46:51Z">
          <reporter-output>
          </reporter-output>
        </test-method> <!-- verifyEndtoEndFlowOfPurchasingtheProduct -->
        <test-method status="PASS" signature="invokeScreenshotMethod(org.testng.ITestResult)[pri:0, instance:com.wip.test.LoginPageTest@5b275dab]" name="invokeScreenshotMethod" is-config="true" duration-ms="0" started-at="2020-04-21T09:46:51Z" finished-at="2020-04-21T09:46:51Z">
          <params>
            <param index="0">
              <value>
                <![CDATA[[TestResult name=verifyEndtoEndFlowOfPurchasingtheProduct status=SUCCESS method=LoginPageTest.verifyEndtoEndFlowOfPurchasingtheProduct()[pri:0, instance:com.wip.test.LoginPageTest@5b275dab] output={null}]]]>
              </value>
            </param>
          </params>
          <reporter-output>
          </reporter-output>
        </test-method> <!-- invokeScreenshotMethod -->
        <test-method status="PASS" signature="verifySuccessfullLoginFunctionality()[pri:1, instance:com.wip.test.LoginPageTest@5b275dab]" name="verifySuccessfullLoginFunctionality" duration-ms="15868" started-at="2020-04-21T09:46:51Z" finished-at="2020-04-21T09:47:07Z">
          <reporter-output>
          </reporter-output>
        </test-method> <!-- verifySuccessfullLoginFunctionality -->
        <test-method status="PASS" signature="verifyInvalidLoginFunctionality()[pri:2, instance:com.wip.test.LoginPageTest@5b275dab]" name="verifyInvalidLoginFunctionality" duration-ms="10754" started-at="2020-04-21T09:47:07Z" finished-at="2020-04-21T09:47:18Z">
          <reporter-output>
          </reporter-output>
        </test-method> <!-- verifyInvalidLoginFunctionality -->
        <test-method status="PASS" signature="invokeScreenshotMethod(org.testng.ITestResult)[pri:0, instance:com.wip.test.LoginPageTest@5b275dab]" name="invokeScreenshotMethod" is-config="true" duration-ms="0" started-at="2020-04-21T09:47:07Z" finished-at="2020-04-21T09:47:07Z">
          <params>
            <param index="0">
              <value>
                <![CDATA[[TestResult name=verifySuccessfullLoginFunctionality status=SUCCESS method=LoginPageTest.verifySuccessfullLoginFunctionality()[pri:1, instance:com.wip.test.LoginPageTest@5b275dab] output={null}]]]>
              </value>
            </param>
          </params>
          <reporter-output>
          </reporter-output>
        </test-method> <!-- invokeScreenshotMethod -->
        <test-method status="PASS" signature="invokeScreenshotMethod(org.testng.ITestResult)[pri:0, instance:com.wip.test.LoginPageTest@5b275dab]" name="invokeScreenshotMethod" is-config="true" duration-ms="0" started-at="2020-04-21T09:47:18Z" finished-at="2020-04-21T09:47:18Z">
          <params>
            <param index="0">
              <value>
                <![CDATA[[TestResult name=verifyInvalidLoginFunctionality status=SUCCESS method=LoginPageTest.verifyInvalidLoginFunctionality()[pri:2, instance:com.wip.test.LoginPageTest@5b275dab] output={null}]]]>
              </value>
            </param>
          </params>
          <reporter-output>
          </reporter-output>
        </test-method> <!-- invokeScreenshotMethod -->
        <test-method status="PASS" signature="tearDown()[pri:0, instance:com.wip.test.LoginPageTest@5b275dab]" name="tearDown" is-config="true" duration-ms="1280" started-at="2020-04-21T09:47:18Z" finished-at="2020-04-21T09:47:19Z">
          <reporter-output>
          </reporter-output>
        </test-method> <!-- tearDown -->
      </class> <!-- com.wip.test.LoginPageTest -->
    </test> <!-- Smoke Test -->
  </suite> <!-- Automation -->
</testng-results>
